0 info it worked if it ends with ok
1 verbose cli [ '/usr/bin/nodejs', '/usr/bin/npm', 'run', 'e2e' ]
2 info using npm@3.10.10
3 info using node@v6.11.1
4 verbose run-script [ 'pree2e', 'e2e', 'poste2e' ]
5 info lifecycle gallery@0.0.0~pree2e: gallery@0.0.0
6 silly lifecycle gallery@0.0.0~pree2e: no script for pree2e, continuing
7 info lifecycle gallery@0.0.0~e2e: gallery@0.0.0
8 verbose lifecycle gallery@0.0.0~e2e: unsafe-perm in lifecycle true
9 verbose lifecycle gallery@0.0.0~e2e: PATH: /usr/lib/node_modules/npm/bin/node-gyp-bin:/home/cm/Desktop/my_new_project/gallery/node_modules/.bin:/usr/local/sbin:/usr/local/bin:/usr/sbin:/usr/bin:/sbin:/bin:/usr/games:/var/lib/gems/VERSION/bin
10 verbose lifecycle gallery@0.0.0~e2e: CWD: /home/cm/Desktop/my_new_project/gallery
11 silly lifecycle gallery@0.0.0~e2e: Args: [ '-c', 'ng e2e' ]
12 silly lifecycle gallery@0.0.0~e2e: Returned: code: 1  signal: null
13 info lifecycle gallery@0.0.0~e2e: Failed to exec e2e script
14 verbose stack Error: gallery@0.0.0 e2e: `ng e2e`
14 verbose stack Exit status 1
14 verbose stack     at EventEmitter.<anonymous> (/usr/lib/node_modules/npm/lib/utils/lifecycle.js:255:16)
14 verbose stack     at emitTwo (events.js:106:13)
14 verbose stack     at EventEmitter.emit (events.js:191:7)
14 verbose stack     at ChildProcess.<anonymous> (/usr/lib/node_modules/npm/lib/utils/spawn.js:40:14)
14 verbose stack     at emitTwo (events.js:106:13)
14 verbose stack     at ChildProcess.emit (events.js:191:7)
14 verbose stack     at maybeClose (internal/child_process.js:891:16)
14 verbose stack     at Process.ChildProcess._handle.onexit (internal/child_process.js:226:5)
15 verbose pkgid gallery@0.0.0
16 verbose cwd /home/cm/Desktop/my_new_project/gallery
17 error Linux 4.9.0-kali4-amd64
18 error argv "/usr/bin/nodejs" "/usr/bin/npm" "run" "e2e"
19 error node v6.11.1
20 error npm  v3.10.10
21 error code ELIFECYCLE
22 error gallery@0.0.0 e2e: `ng e2e`
22 error Exit status 1
23 error Failed at the gallery@0.0.0 e2e script 'ng e2e'.
23 error Make sure you have the latest version of node.js and npm installed.
23 error If you do, this is most likely a problem with the gallery package,
23 error not with npm itself.
23 error Tell the author that this fails on your system:
23 error     ng e2e
23 error You can get information on how to open an issue for this project with:
23 error     npm bugs gallery
23 error Or if that isn't available, you can get their info via:
23 error     npm owner ls gallery
23 error There is likely additional logging output above.
24 verbose exit [ 1, true ]
